This is pdfTeX, Version 3.141592653-2.6-1.40.25 (TeX Live 2023) (preloaded format=pdflatex 2024.2.8)  24 MAY 2024 12:30
entering extended mode
 restricted \write18 enabled.
 file:line:error style messages enabled.
 %&-line parsing enabled.
**beamercolorthemeImperialWhite.sty
(./beamercolorthemeImperialWhite.sty
LaTeX2e <2023-11-01> patch level 1
L3 programming layer <2024-01-22>
./beamercolorthemeImperialWhite.sty:5: Undefined control sequence.
l.5 \definecolor
                {ICDeepBlue}{HTML}{000000}
? 
./beamercolorthemeImperialWhite.sty:5: Emergency stop.
l.5 
    
End of file on the terminal!

 
Here is how much of TeX's memory you used:
 17 strings out of 474228
 475 string characters out of 5746459
 1922975 words of memory out of 5000000
 22368 multiletter control sequences out of 15000+600000
 558069 words of font info for 36 fonts, out of 8000000 for 9000
 1141 hyphenation exceptions out of 8191
 12i,0n,13p,113b,8s stack positions out of 10000i,1000n,20000p,200000b,200000s
./beamercolorthemeImperialWhite.sty:5:  ==> Fatal error occurred, no output PDF
 file produced!
